2026-01-12 11:03:15 - root - INFO - ============================================================
2026-01-12 11:03:15 - root - INFO - NZ LSAP Bond Sales - Logging initialized
2026-01-12 11:03:15 - root - INFO - Log file: D:\Projects\SIMBA-RUNBOOKS\New_Zealand_LSAP_Bond_Sales\logs\20260112_110308\nz_lsap_20260112_110308.log
2026-01-12 11:03:15 - root - INFO - Latest log: D:\Projects\SIMBA-RUNBOOKS\New_Zealand_LSAP_Bond_Sales\logs\latest\nz_lsap_20260112_110308.log
2026-01-12 11:03:15 - root - INFO - Log level: DEBUG
2026-01-12 11:03:15 - root - INFO - Run timestamp: 20260112_110308
2026-01-12 11:03:15 - root - INFO - ============================================================
2026-01-12 11:03:15 - scraper - WARNING - Could not detect Chrome version from registry
2026-01-12 11:03:15 - scraper - WARNING - Chrome version not detected, using auto-detection
2026-01-12 11:03:15 - undetected_chromedriver.patcher - DEBUG - getting release number from /last-known-good-versions-with-downloads.json
2026-01-12 11:03:15 - undetected_chromedriver.patcher - DEBUG - downloading from https://storage.googleapis.com/chrome-for-testing-public/143.0.7499.192/win32/chromedriver-win32.zip
2026-01-12 11:03:17 - undetected_chromedriver.patcher - DEBUG - unzipping C:\Users\MARKCA~1\AppData\Local\Temp\tmphv49o9o5
2026-01-12 11:03:17 - undetected_chromedriver.patcher - INFO - patching driver executable C:\Users\Mark Castro\appdata\roaming\undetected_chromedriver\undetected_chromedriver.exe
2026-01-12 11:03:22 - undetected_chromedriver.patcher - DEBUG - found block:
b'{window.cdc_adoQpoasnfa76pfcZLmcfl_Array = window.Array;window.cdc_adoQpoasnfa76pfcZLmcfl_Object = window.Object;window.cdc_adoQpoasnfa76pfcZLmcfl_Promise = window.Promise;window.cdc_adoQpoasnfa76pfcZLmcfl_Proxy = window.Proxy;window.cdc_adoQpoasnfa76pfcZLmcfl_Symbol = window.Symbol;window.cdc_adoQpoasnfa76pfcZLmcfl_JSON = window.JSON;window.cdc_adoQpoasnfa76pfcZLmcfl_Window = window.Window;}'
replacing with:
b'{console.log("undetected chromedriver 1337!")}                                                                                                                                                                                                                                                                                                                                                             '
2026-01-12 11:03:22 - undetected_chromedriver.patcher - DEBUG - patching took us 5.12 seconds
2026-01-12 11:03:29 - scraper - INFO - Chrome driver initialized (stealth mode)
2026-01-12 11:03:29 - scraper - INFO - Download directory: D:\Projects\SIMBA-RUNBOOKS\New_Zealand_LSAP_Bond_Sales\downloads\20260112_110308
2026-01-12 11:03:29 - scraper - INFO - Navigating to https://www.rbnz.govt.nz/statistics/series/reserve-bank/open-market-operations
2026-01-12 11:03:41 - scraper - INFO - Page loaded successfully
2026-01-12 11:03:41 - scraper - INFO - Extracting release date from page...
2026-01-12 11:03:41 - scraper - INFO - Found release date: 2026-01-12
2026-01-12 11:03:41 - scraper - INFO - Formatted release date: 20260112
2026-01-12 11:03:41 - scraper - INFO - Looking for Excel download link...
2026-01-12 11:03:41 - scraper - INFO - Found download link: https://www.rbnz.govt.nz/-/media/project/sites/rbnz/files/statistics/series/d-f-r/d3/hd3.xlsx
2026-01-12 11:03:41 - scraper - INFO - Clicking download link...
2026-01-12 11:03:53 - scraper - INFO - Waiting for download to complete (timeout: 60s)...
2026-01-12 11:03:53 - scraper - INFO - Download complete: 1,384,089 bytes
2026-01-12 11:03:53 - scraper - INFO - Downloaded file: hd3.xlsx
2026-01-12 11:03:53 - scraper - INFO - File size: 1,384,089 bytes (1351.65 KB)
2026-01-12 11:03:53 - scraper - INFO - Copied to timestamped output: D:\Projects\SIMBA-RUNBOOKS\New_Zealand_LSAP_Bond_Sales\output\20260112_110308\hd3_20260112.xlsx
2026-01-12 11:03:53 - scraper - INFO - Copied to latest output: D:\Projects\SIMBA-RUNBOOKS\New_Zealand_LSAP_Bond_Sales\output\latest\hd3_20260112.xlsx
2026-01-12 11:03:53 - scraper - INFO - Download and processing complete
2026-01-12 11:03:54 - scraper - INFO - Browser closed
2026-01-12 11:03:54 - orchestrator - INFO - Successfully downloaded and processed file
2026-01-12 11:03:54 - orchestrator - INFO - Orchestrator completed successfully
